ARM GAS  /tmp/ccn0RHYf.s 			page 1


   1              		.cpu cortex-m4
   2              		.eabi_attribute 27, 1
   3              		.eabi_attribute 28, 1
   4              		.eabi_attribute 20, 1
   5              		.eabi_attribute 21, 1
   6              		.eabi_attribute 23, 3
   7              		.eabi_attribute 24, 1
   8              		.eabi_attribute 25, 1
   9              		.eabi_attribute 26, 1
  10              		.eabi_attribute 30, 1
  11              		.eabi_attribute 34, 1
  12              		.eabi_attribute 18, 4
  13              		.file	"stm32l4xx_it.c"
  14              		.text
  15              	.Ltext0:
  16              		.cfi_sections	.debug_frame
  17              		.section	.text.NMI_Handler,"ax",%progbits
  18              		.align	1
  19              		.global	NMI_Handler
  20              		.syntax unified
  21              		.thumb
  22              		.thumb_func
  23              		.fpu fpv4-sp-d16
  25              	NMI_Handler:
  26              	.LFB1499:
  27              		.file 1 "Src/stm32l4xx_it.c"
   1:Src/stm32l4xx_it.c **** /**
   2:Src/stm32l4xx_it.c ****   ******************************************************************************
   3:Src/stm32l4xx_it.c ****   * @file    stm32l4xx_it.c
   4:Src/stm32l4xx_it.c ****   * @brief   Interrupt Service Routines.
   5:Src/stm32l4xx_it.c ****   ******************************************************************************
   6:Src/stm32l4xx_it.c ****   *
   7:Src/stm32l4xx_it.c ****   * COPYRIGHT(c) 2017 STMicroelectronics
   8:Src/stm32l4xx_it.c ****   *
   9:Src/stm32l4xx_it.c ****   * Redistribution and use in source and binary forms, with or without modification,
  10:Src/stm32l4xx_it.c ****   * are permitted provided that the following conditions are met:
  11:Src/stm32l4xx_it.c ****   *   1. Redistributions of source code must retain the above copyright notice,
  12:Src/stm32l4xx_it.c ****   *      this list of conditions and the following disclaimer.
  13:Src/stm32l4xx_it.c ****   *   2. Redistributions in binary form must reproduce the above copyright notice,
  14:Src/stm32l4xx_it.c ****   *      this list of conditions and the following disclaimer in the documentation
  15:Src/stm32l4xx_it.c ****   *      and/or other materials provided with the distribution.
  16:Src/stm32l4xx_it.c ****   *   3. Neither the name of STMicroelectronics nor the names of its contributors
  17:Src/stm32l4xx_it.c ****   *      may be used to endorse or promote products derived from this software
  18:Src/stm32l4xx_it.c ****   *      without specific prior written permission.
  19:Src/stm32l4xx_it.c ****   *
  20:Src/stm32l4xx_it.c ****   * THIS SOFTWARE IS PROVIDED BY THE COPYRIGHT HOLDERS AND CONTRIBUTORS "AS IS"
  21:Src/stm32l4xx_it.c ****   * AND ANY EXPRESS OR IMPLIED WARRANTIES, INCLUDING, BUT NOT LIMITED TO, THE
  22:Src/stm32l4xx_it.c ****   * IMPLIED WARRANTIES OF MERCHANTABILITY AND FITNESS FOR A PARTICULAR PURPOSE ARE
  23:Src/stm32l4xx_it.c ****   * DISCLAIMED. IN NO EVENT SHALL THE COPYRIGHT HOLDER OR CONTRIBUTORS BE LIABLE
  24:Src/stm32l4xx_it.c ****   * FOR ANY DIRECT, INDIRECT, INCIDENTAL, SPECIAL, EXEMPLARY, OR CONSEQUENTIAL
  25:Src/stm32l4xx_it.c ****   * DAMAGES (INCLUDING, BUT NOT LIMITED TO, PROCUREMENT OF SUBSTITUTE GOODS OR
  26:Src/stm32l4xx_it.c ****   * SERVICES; LOSS OF USE, DATA, OR PROFITS; OR BUSINESS INTERRUPTION) HOWEVER
  27:Src/stm32l4xx_it.c ****   * CAUSED AND ON ANY THEORY OF LIABILITY, WHETHER IN CONTRACT, STRICT LIABILITY,
  28:Src/stm32l4xx_it.c ****   * OR TORT (INCLUDING NEGLIGENCE OR OTHERWISE) ARISING IN ANY WAY OUT OF THE USE
  29:Src/stm32l4xx_it.c ****   * OF THIS SOFTWARE, EVEN IF ADVISED OF THE POSSIBILITY OF SUCH DAMAGE.
  30:Src/stm32l4xx_it.c ****   *
  31:Src/stm32l4xx_it.c ****   ******************************************************************************
ARM GAS  /tmp/ccn0RHYf.s 			page 2


  32:Src/stm32l4xx_it.c ****   */
  33:Src/stm32l4xx_it.c **** /* Includes ------------------------------------------------------------------*/
  34:Src/stm32l4xx_it.c **** #include "stm32l4xx_hal.h"
  35:Src/stm32l4xx_it.c **** #include "stm32l4xx.h"
  36:Src/stm32l4xx_it.c **** #include "stm32l4xx_it.h"
  37:Src/stm32l4xx_it.c **** 
  38:Src/stm32l4xx_it.c **** /* USER CODE BEGIN 0 */
  39:Src/stm32l4xx_it.c **** 
  40:Src/stm32l4xx_it.c **** /* USER CODE END 0 */
  41:Src/stm32l4xx_it.c **** 
  42:Src/stm32l4xx_it.c **** /* External variables --------------------------------------------------------*/
  43:Src/stm32l4xx_it.c **** 
  44:Src/stm32l4xx_it.c **** /******************************************************************************/
  45:Src/stm32l4xx_it.c **** /*            Cortex-M4 Processor Interruption and Exception Handlers         */ 
  46:Src/stm32l4xx_it.c **** /******************************************************************************/
  47:Src/stm32l4xx_it.c **** 
  48:Src/stm32l4xx_it.c **** /**
  49:Src/stm32l4xx_it.c **** * @brief This function handles Non maskable interrupt.
  50:Src/stm32l4xx_it.c **** */
  51:Src/stm32l4xx_it.c **** void NMI_Handler(void)
  52:Src/stm32l4xx_it.c **** {
  28              		.loc 1 52 0
  29              		.cfi_startproc
  30              		@ args = 0, pretend = 0, frame = 0
  31              		@ frame_needed = 0, uses_anonymous_args = 0
  32              		@ link register save eliminated.
  33 0000 7047     		bx	lr
  34              		.cfi_endproc
  35              	.LFE1499:
  37              		.section	.text.HardFault_Handler,"ax",%progbits
  38              		.align	1
  39              		.global	HardFault_Handler
  40              		.syntax unified
  41              		.thumb
  42              		.thumb_func
  43              		.fpu fpv4-sp-d16
  45              	HardFault_Handler:
  46              	.LFB1500:
  53:Src/stm32l4xx_it.c ****   /* USER CODE BEGIN NonMaskableInt_IRQn 0 */
  54:Src/stm32l4xx_it.c **** 
  55:Src/stm32l4xx_it.c ****   /* USER CODE END NonMaskableInt_IRQn 0 */
  56:Src/stm32l4xx_it.c ****   /* USER CODE BEGIN NonMaskableInt_IRQn 1 */
  57:Src/stm32l4xx_it.c **** 
  58:Src/stm32l4xx_it.c ****   /* USER CODE END NonMaskableInt_IRQn 1 */
  59:Src/stm32l4xx_it.c **** }
  60:Src/stm32l4xx_it.c **** 
  61:Src/stm32l4xx_it.c **** /**
  62:Src/stm32l4xx_it.c **** * @brief This function handles Hard fault interrupt.
  63:Src/stm32l4xx_it.c **** */
  64:Src/stm32l4xx_it.c **** void HardFault_Handler(void)
  65:Src/stm32l4xx_it.c **** {
  47              		.loc 1 65 0
  48              		.cfi_startproc
  49              		@ Volatile: function does not return.
  50              		@ args = 0, pretend = 0, frame = 0
  51              		@ frame_needed = 0, uses_anonymous_args = 0
  52              		@ link register save eliminated.
ARM GAS  /tmp/ccn0RHYf.s 			page 3


  53              	.L3:
  54 0000 FEE7     		b	.L3
  55              		.cfi_endproc
  56              	.LFE1500:
  58              		.section	.text.MemManage_Handler,"ax",%progbits
  59              		.align	1
  60              		.global	MemManage_Handler
  61              		.syntax unified
  62              		.thumb
  63              		.thumb_func
  64              		.fpu fpv4-sp-d16
  66              	MemManage_Handler:
  67              	.LFB1501:
  66:Src/stm32l4xx_it.c ****   /* USER CODE BEGIN HardFault_IRQn 0 */
  67:Src/stm32l4xx_it.c **** 
  68:Src/stm32l4xx_it.c ****   /* USER CODE END HardFault_IRQn 0 */
  69:Src/stm32l4xx_it.c ****   while (1)
  70:Src/stm32l4xx_it.c ****   {
  71:Src/stm32l4xx_it.c ****   }
  72:Src/stm32l4xx_it.c ****   /* USER CODE BEGIN HardFault_IRQn 1 */
  73:Src/stm32l4xx_it.c **** 
  74:Src/stm32l4xx_it.c ****   /* USER CODE END HardFault_IRQn 1 */
  75:Src/stm32l4xx_it.c **** }
  76:Src/stm32l4xx_it.c **** 
  77:Src/stm32l4xx_it.c **** /**
  78:Src/stm32l4xx_it.c **** * @brief This function handles Memory management fault.
  79:Src/stm32l4xx_it.c **** */
  80:Src/stm32l4xx_it.c **** void MemManage_Handler(void)
  81:Src/stm32l4xx_it.c **** {
  68              		.loc 1 81 0
  69              		.cfi_startproc
  70              		@ Volatile: function does not return.
  71              		@ args = 0, pretend = 0, frame = 0
  72              		@ frame_needed = 0, uses_anonymous_args = 0
  73              		@ link register save eliminated.
  74              	.L5:
  75 0000 FEE7     		b	.L5
  76              		.cfi_endproc
  77              	.LFE1501:
  79              		.section	.text.BusFault_Handler,"ax",%progbits
  80              		.align	1
  81              		.global	BusFault_Handler
  82              		.syntax unified
  83              		.thumb
  84              		.thumb_func
  85              		.fpu fpv4-sp-d16
  87              	BusFault_Handler:
  88              	.LFB1502:
  82:Src/stm32l4xx_it.c ****   /* USER CODE BEGIN MemoryManagement_IRQn 0 */
  83:Src/stm32l4xx_it.c **** 
  84:Src/stm32l4xx_it.c ****   /* USER CODE END MemoryManagement_IRQn 0 */
  85:Src/stm32l4xx_it.c ****   while (1)
  86:Src/stm32l4xx_it.c ****   {
  87:Src/stm32l4xx_it.c ****   }
  88:Src/stm32l4xx_it.c ****   /* USER CODE BEGIN MemoryManagement_IRQn 1 */
  89:Src/stm32l4xx_it.c **** 
  90:Src/stm32l4xx_it.c ****   /* USER CODE END MemoryManagement_IRQn 1 */
ARM GAS  /tmp/ccn0RHYf.s 			page 4


  91:Src/stm32l4xx_it.c **** }
  92:Src/stm32l4xx_it.c **** 
  93:Src/stm32l4xx_it.c **** /**
  94:Src/stm32l4xx_it.c **** * @brief This function handles Prefetch fault, memory access fault.
  95:Src/stm32l4xx_it.c **** */
  96:Src/stm32l4xx_it.c **** void BusFault_Handler(void)
  97:Src/stm32l4xx_it.c **** {
  89              		.loc 1 97 0
  90              		.cfi_startproc
  91              		@ Volatile: function does not return.
  92              		@ args = 0, pretend = 0, frame = 0
  93              		@ frame_needed = 0, uses_anonymous_args = 0
  94              		@ link register save eliminated.
  95              	.L7:
  96 0000 FEE7     		b	.L7
  97              		.cfi_endproc
  98              	.LFE1502:
 100              		.section	.text.UsageFault_Handler,"ax",%progbits
 101              		.align	1
 102              		.global	UsageFault_Handler
 103              		.syntax unified
 104              		.thumb
 105              		.thumb_func
 106              		.fpu fpv4-sp-d16
 108              	UsageFault_Handler:
 109              	.LFB1503:
  98:Src/stm32l4xx_it.c ****   /* USER CODE BEGIN BusFault_IRQn 0 */
  99:Src/stm32l4xx_it.c **** 
 100:Src/stm32l4xx_it.c ****   /* USER CODE END BusFault_IRQn 0 */
 101:Src/stm32l4xx_it.c ****   while (1)
 102:Src/stm32l4xx_it.c ****   {
 103:Src/stm32l4xx_it.c ****   }
 104:Src/stm32l4xx_it.c ****   /* USER CODE BEGIN BusFault_IRQn 1 */
 105:Src/stm32l4xx_it.c **** 
 106:Src/stm32l4xx_it.c ****   /* USER CODE END BusFault_IRQn 1 */
 107:Src/stm32l4xx_it.c **** }
 108:Src/stm32l4xx_it.c **** 
 109:Src/stm32l4xx_it.c **** /**
 110:Src/stm32l4xx_it.c **** * @brief This function handles Undefined instruction or illegal state.
 111:Src/stm32l4xx_it.c **** */
 112:Src/stm32l4xx_it.c **** void UsageFault_Handler(void)
 113:Src/stm32l4xx_it.c **** {
 110              		.loc 1 113 0
 111              		.cfi_startproc
 112              		@ Volatile: function does not return.
 113              		@ args = 0, pretend = 0, frame = 0
 114              		@ frame_needed = 0, uses_anonymous_args = 0
 115              		@ link register save eliminated.
 116              	.L9:
 117 0000 FEE7     		b	.L9
 118              		.cfi_endproc
 119              	.LFE1503:
 121              		.section	.text.SVC_Handler,"ax",%progbits
 122              		.align	1
 123              		.global	SVC_Handler
 124              		.syntax unified
 125              		.thumb
ARM GAS  /tmp/ccn0RHYf.s 			page 5


 126              		.thumb_func
 127              		.fpu fpv4-sp-d16
 129              	SVC_Handler:
 130              	.LFB1504:
 114:Src/stm32l4xx_it.c ****   /* USER CODE BEGIN UsageFault_IRQn 0 */
 115:Src/stm32l4xx_it.c **** 
 116:Src/stm32l4xx_it.c ****   /* USER CODE END UsageFault_IRQn 0 */
 117:Src/stm32l4xx_it.c ****   while (1)
 118:Src/stm32l4xx_it.c ****   {
 119:Src/stm32l4xx_it.c ****   }
 120:Src/stm32l4xx_it.c ****   /* USER CODE BEGIN UsageFault_IRQn 1 */
 121:Src/stm32l4xx_it.c **** 
 122:Src/stm32l4xx_it.c ****   /* USER CODE END UsageFault_IRQn 1 */
 123:Src/stm32l4xx_it.c **** }
 124:Src/stm32l4xx_it.c **** 
 125:Src/stm32l4xx_it.c **** /**
 126:Src/stm32l4xx_it.c **** * @brief This function handles System service call via SWI instruction.
 127:Src/stm32l4xx_it.c **** */
 128:Src/stm32l4xx_it.c **** void SVC_Handler(void)
 129:Src/stm32l4xx_it.c **** {
 131              		.loc 1 129 0
 132              		.cfi_startproc
 133              		@ args = 0, pretend = 0, frame = 0
 134              		@ frame_needed = 0, uses_anonymous_args = 0
 135              		@ link register save eliminated.
 136 0000 7047     		bx	lr
 137              		.cfi_endproc
 138              	.LFE1504:
 140              		.section	.text.DebugMon_Handler,"ax",%progbits
 141              		.align	1
 142              		.global	DebugMon_Handler
 143              		.syntax unified
 144              		.thumb
 145              		.thumb_func
 146              		.fpu fpv4-sp-d16
 148              	DebugMon_Handler:
 149              	.LFB1505:
 130:Src/stm32l4xx_it.c ****   /* USER CODE BEGIN SVCall_IRQn 0 */
 131:Src/stm32l4xx_it.c **** 
 132:Src/stm32l4xx_it.c ****   /* USER CODE END SVCall_IRQn 0 */
 133:Src/stm32l4xx_it.c ****   /* USER CODE BEGIN SVCall_IRQn 1 */
 134:Src/stm32l4xx_it.c **** 
 135:Src/stm32l4xx_it.c ****   /* USER CODE END SVCall_IRQn 1 */
 136:Src/stm32l4xx_it.c **** }
 137:Src/stm32l4xx_it.c **** 
 138:Src/stm32l4xx_it.c **** /**
 139:Src/stm32l4xx_it.c **** * @brief This function handles Debug monitor.
 140:Src/stm32l4xx_it.c **** */
 141:Src/stm32l4xx_it.c **** void DebugMon_Handler(void)
 142:Src/stm32l4xx_it.c **** {
 150              		.loc 1 142 0
 151              		.cfi_startproc
 152              		@ args = 0, pretend = 0, frame = 0
 153              		@ frame_needed = 0, uses_anonymous_args = 0
 154              		@ link register save eliminated.
 155 0000 7047     		bx	lr
 156              		.cfi_endproc
ARM GAS  /tmp/ccn0RHYf.s 			page 6


 157              	.LFE1505:
 159              		.section	.text.PendSV_Handler,"ax",%progbits
 160              		.align	1
 161              		.global	PendSV_Handler
 162              		.syntax unified
 163              		.thumb
 164              		.thumb_func
 165              		.fpu fpv4-sp-d16
 167              	PendSV_Handler:
 168              	.LFB1506:
 143:Src/stm32l4xx_it.c ****   /* USER CODE BEGIN DebugMonitor_IRQn 0 */
 144:Src/stm32l4xx_it.c **** 
 145:Src/stm32l4xx_it.c ****   /* USER CODE END DebugMonitor_IRQn 0 */
 146:Src/stm32l4xx_it.c ****   /* USER CODE BEGIN DebugMonitor_IRQn 1 */
 147:Src/stm32l4xx_it.c **** 
 148:Src/stm32l4xx_it.c ****   /* USER CODE END DebugMonitor_IRQn 1 */
 149:Src/stm32l4xx_it.c **** }
 150:Src/stm32l4xx_it.c **** 
 151:Src/stm32l4xx_it.c **** /**
 152:Src/stm32l4xx_it.c **** * @brief This function handles Pendable request for system service.
 153:Src/stm32l4xx_it.c **** */
 154:Src/stm32l4xx_it.c **** void PendSV_Handler(void)
 155:Src/stm32l4xx_it.c **** {
 169              		.loc 1 155 0
 170              		.cfi_startproc
 171              		@ args = 0, pretend = 0, frame = 0
 172              		@ frame_needed = 0, uses_anonymous_args = 0
 173              		@ link register save eliminated.
 174 0000 7047     		bx	lr
 175              		.cfi_endproc
 176              	.LFE1506:
 178              		.section	.text.SysTick_Handler,"ax",%progbits
 179              		.align	1
 180              		.global	SysTick_Handler
 181              		.syntax unified
 182              		.thumb
 183              		.thumb_func
 184              		.fpu fpv4-sp-d16
 186              	SysTick_Handler:
 187              	.LFB1507:
 156:Src/stm32l4xx_it.c ****   /* USER CODE BEGIN PendSV_IRQn 0 */
 157:Src/stm32l4xx_it.c **** 
 158:Src/stm32l4xx_it.c ****   /* USER CODE END PendSV_IRQn 0 */
 159:Src/stm32l4xx_it.c ****   /* USER CODE BEGIN PendSV_IRQn 1 */
 160:Src/stm32l4xx_it.c **** 
 161:Src/stm32l4xx_it.c ****   /* USER CODE END PendSV_IRQn 1 */
 162:Src/stm32l4xx_it.c **** }
 163:Src/stm32l4xx_it.c **** 
 164:Src/stm32l4xx_it.c **** /**
 165:Src/stm32l4xx_it.c **** * @brief This function handles System tick timer.
 166:Src/stm32l4xx_it.c **** */
 167:Src/stm32l4xx_it.c **** void SysTick_Handler(void)
 168:Src/stm32l4xx_it.c **** {
 188              		.loc 1 168 0
 189              		.cfi_startproc
 190              		@ args = 0, pretend = 0, frame = 0
 191              		@ frame_needed = 0, uses_anonymous_args = 0
ARM GAS  /tmp/ccn0RHYf.s 			page 7


 192              		.loc 1 168 0
 193 0000 08B5     		push	{r3, lr}
 194              	.LCFI0:
 195              		.cfi_def_cfa_offset 8
 196              		.cfi_offset 3, -8
 197              		.cfi_offset 14, -4
 169:Src/stm32l4xx_it.c ****   /* USER CODE BEGIN SysTick_IRQn 0 */
 170:Src/stm32l4xx_it.c **** 
 171:Src/stm32l4xx_it.c ****   /* USER CODE END SysTick_IRQn 0 */
 172:Src/stm32l4xx_it.c ****   HAL_IncTick();
 198              		.loc 1 172 0
 199 0002 FFF7FEFF 		bl	HAL_IncTick
 200              	.LVL0:
 173:Src/stm32l4xx_it.c ****   HAL_SYSTICK_IRQHandler();
 201              		.loc 1 173 0
 202 0006 FFF7FEFF 		bl	HAL_SYSTICK_IRQHandler
 203              	.LVL1:
 204 000a 08BD     		pop	{r3, pc}
 205              		.cfi_endproc
 206              	.LFE1507:
 208              		.section	.text.TIM2_IRQHandler,"ax",%progbits
 209              		.align	1
 210              		.global	TIM2_IRQHandler
 211              		.syntax unified
 212              		.thumb
 213              		.thumb_func
 214              		.fpu fpv4-sp-d16
 216              	TIM2_IRQHandler:
 217              	.LFB1508:
 174:Src/stm32l4xx_it.c ****   /* USER CODE BEGIN SysTick_IRQn 1 */
 175:Src/stm32l4xx_it.c **** 
 176:Src/stm32l4xx_it.c ****   /* USER CODE END SysTick_IRQn 1 */
 177:Src/stm32l4xx_it.c **** }
 178:Src/stm32l4xx_it.c **** 
 179:Src/stm32l4xx_it.c **** /******************************************************************************/
 180:Src/stm32l4xx_it.c **** /* STM32L4xx Peripheral Interrupt Handlers                                    */
 181:Src/stm32l4xx_it.c **** /* Add here the Interrupt Handlers for the used peripherals.                  */
 182:Src/stm32l4xx_it.c **** /* For the available peripheral interrupt handler names,                      */
 183:Src/stm32l4xx_it.c **** /* please refer to the startup file (startup_stm32l4xx.s).                    */
 184:Src/stm32l4xx_it.c **** /******************************************************************************/
 185:Src/stm32l4xx_it.c **** 
 186:Src/stm32l4xx_it.c **** /**
 187:Src/stm32l4xx_it.c **** * @brief This function handles TIM2 global interrupt.
 188:Src/stm32l4xx_it.c **** */
 189:Src/stm32l4xx_it.c **** void TIM2_IRQHandler(void)
 190:Src/stm32l4xx_it.c **** {
 218              		.loc 1 190 0
 219              		.cfi_startproc
 220              		@ args = 0, pretend = 0, frame = 0
 221              		@ frame_needed = 0, uses_anonymous_args = 0
 222              		@ link register save eliminated.
 223 0000 7047     		bx	lr
 224              		.cfi_endproc
 225              	.LFE1508:
 227              		.section	.text.TIM3_IRQHandler,"ax",%progbits
 228              		.align	1
 229              		.global	TIM3_IRQHandler
ARM GAS  /tmp/ccn0RHYf.s 			page 8


 230              		.syntax unified
 231              		.thumb
 232              		.thumb_func
 233              		.fpu fpv4-sp-d16
 235              	TIM3_IRQHandler:
 236              	.LFB1509:
 191:Src/stm32l4xx_it.c ****   /* USER CODE BEGIN TIM2_IRQn 0 */
 192:Src/stm32l4xx_it.c **** 
 193:Src/stm32l4xx_it.c ****   /* USER CODE END TIM2_IRQn 0 */
 194:Src/stm32l4xx_it.c ****   /* USER CODE BEGIN TIM2_IRQn 1 */
 195:Src/stm32l4xx_it.c **** 
 196:Src/stm32l4xx_it.c ****   /* USER CODE END TIM2_IRQn 1 */
 197:Src/stm32l4xx_it.c **** }
 198:Src/stm32l4xx_it.c **** 
 199:Src/stm32l4xx_it.c **** /**
 200:Src/stm32l4xx_it.c **** * @brief This function handles TIM3 global interrupt.
 201:Src/stm32l4xx_it.c **** */
 202:Src/stm32l4xx_it.c **** void TIM3_IRQHandler(void)
 203:Src/stm32l4xx_it.c **** {
 237              		.loc 1 203 0
 238              		.cfi_startproc
 239              		@ args = 0, pretend = 0, frame = 0
 240              		@ frame_needed = 0, uses_anonymous_args = 0
 241              		@ link register save eliminated.
 242 0000 7047     		bx	lr
 243              		.cfi_endproc
 244              	.LFE1509:
 246              		.section	.text.TIM4_IRQHandler,"ax",%progbits
 247              		.align	1
 248              		.global	TIM4_IRQHandler
 249              		.syntax unified
 250              		.thumb
 251              		.thumb_func
 252              		.fpu fpv4-sp-d16
 254              	TIM4_IRQHandler:
 255              	.LFB1510:
 204:Src/stm32l4xx_it.c ****   /* USER CODE BEGIN TIM3_IRQn 0 */
 205:Src/stm32l4xx_it.c **** 
 206:Src/stm32l4xx_it.c ****   /* USER CODE END TIM3_IRQn 0 */
 207:Src/stm32l4xx_it.c ****   /* USER CODE BEGIN TIM3_IRQn 1 */
 208:Src/stm32l4xx_it.c **** 
 209:Src/stm32l4xx_it.c ****   /* USER CODE END TIM3_IRQn 1 */
 210:Src/stm32l4xx_it.c **** }
 211:Src/stm32l4xx_it.c **** 
 212:Src/stm32l4xx_it.c **** /**
 213:Src/stm32l4xx_it.c **** * @brief This function handles TIM4 global interrupt.
 214:Src/stm32l4xx_it.c **** */
 215:Src/stm32l4xx_it.c **** void TIM4_IRQHandler(void)
 216:Src/stm32l4xx_it.c **** {
 256              		.loc 1 216 0
 257              		.cfi_startproc
 258              		@ args = 0, pretend = 0, frame = 0
 259              		@ frame_needed = 0, uses_anonymous_args = 0
 260              		@ link register save eliminated.
 261 0000 7047     		bx	lr
 262              		.cfi_endproc
 263              	.LFE1510:
ARM GAS  /tmp/ccn0RHYf.s 			page 9


 265              		.section	.text.LPTIM1_IRQHandler,"ax",%progbits
 266              		.align	1
 267              		.global	LPTIM1_IRQHandler
 268              		.syntax unified
 269              		.thumb
 270              		.thumb_func
 271              		.fpu fpv4-sp-d16
 273              	LPTIM1_IRQHandler:
 274              	.LFB1511:
 217:Src/stm32l4xx_it.c ****   /* USER CODE BEGIN TIM4_IRQn 0 */
 218:Src/stm32l4xx_it.c **** 
 219:Src/stm32l4xx_it.c ****   /* USER CODE END TIM4_IRQn 0 */
 220:Src/stm32l4xx_it.c ****   /* USER CODE BEGIN TIM4_IRQn 1 */
 221:Src/stm32l4xx_it.c **** 
 222:Src/stm32l4xx_it.c ****   /* USER CODE END TIM4_IRQn 1 */
 223:Src/stm32l4xx_it.c **** }
 224:Src/stm32l4xx_it.c **** 
 225:Src/stm32l4xx_it.c **** /**
 226:Src/stm32l4xx_it.c **** * @brief This function handles LPTIM1 global interrupt.
 227:Src/stm32l4xx_it.c **** */
 228:Src/stm32l4xx_it.c **** void LPTIM1_IRQHandler(void)
 229:Src/stm32l4xx_it.c **** {
 275              		.loc 1 229 0
 276              		.cfi_startproc
 277              		@ args = 0, pretend = 0, frame = 0
 278              		@ frame_needed = 0, uses_anonymous_args = 0
 279              		@ link register save eliminated.
 280 0000 7047     		bx	lr
 281              		.cfi_endproc
 282              	.LFE1511:
 284              		.text
 285              	.Letext0:
 286              		.file 2 "/usr/arm-none-eabi/include/machine/_default_types.h"
 287              		.file 3 "/usr/arm-none-eabi/include/sys/_stdint.h"
 288              		.file 4 "Drivers/CMSIS/Include/core_cm4.h"
 289              		.file 5 "Drivers/CMSIS/Device/ST/STM32L4xx/Include/system_stm32l4xx.h"
 290              		.file 6 "Drivers/STM32L4xx_HAL_Driver/Inc/stm32l4xx_ll_dma.h"
 291              		.file 7 "Drivers/STM32L4xx_HAL_Driver/Inc/stm32l4xx_ll_tim.h"
 292              		.file 8 "/usr/arm-none-eabi/include/sys/lock.h"
 293              		.file 9 "/usr/arm-none-eabi/include/sys/_types.h"
 294              		.file 10 "/usr/lib/gcc/arm-none-eabi/6.3.1/include/stddef.h"
 295              		.file 11 "/usr/arm-none-eabi/include/sys/reent.h"
 296              		.file 12 "Drivers/STM32L4xx_HAL_Driver/Inc/stm32l4xx_hal.h"
 297              		.file 13 "Drivers/STM32L4xx_HAL_Driver/Inc/stm32l4xx_hal_cortex.h"
ARM GAS  /tmp/ccn0RHYf.s 			page 10


DEFINED SYMBOLS
                            *ABS*:0000000000000000 stm32l4xx_it.c
     /tmp/ccn0RHYf.s:18     .text.NMI_Handler:0000000000000000 $t
     /tmp/ccn0RHYf.s:25     .text.NMI_Handler:0000000000000000 NMI_Handler
     /tmp/ccn0RHYf.s:38     .text.HardFault_Handler:0000000000000000 $t
     /tmp/ccn0RHYf.s:45     .text.HardFault_Handler:0000000000000000 HardFault_Handler
     /tmp/ccn0RHYf.s:59     .text.MemManage_Handler:0000000000000000 $t
     /tmp/ccn0RHYf.s:66     .text.MemManage_Handler:0000000000000000 MemManage_Handler
     /tmp/ccn0RHYf.s:80     .text.BusFault_Handler:0000000000000000 $t
     /tmp/ccn0RHYf.s:87     .text.BusFault_Handler:0000000000000000 BusFault_Handler
     /tmp/ccn0RHYf.s:101    .text.UsageFault_Handler:0000000000000000 $t
     /tmp/ccn0RHYf.s:108    .text.UsageFault_Handler:0000000000000000 UsageFault_Handler
     /tmp/ccn0RHYf.s:122    .text.SVC_Handler:0000000000000000 $t
     /tmp/ccn0RHYf.s:129    .text.SVC_Handler:0000000000000000 SVC_Handler
     /tmp/ccn0RHYf.s:141    .text.DebugMon_Handler:0000000000000000 $t
     /tmp/ccn0RHYf.s:148    .text.DebugMon_Handler:0000000000000000 DebugMon_Handler
     /tmp/ccn0RHYf.s:160    .text.PendSV_Handler:0000000000000000 $t
     /tmp/ccn0RHYf.s:167    .text.PendSV_Handler:0000000000000000 PendSV_Handler
     /tmp/ccn0RHYf.s:179    .text.SysTick_Handler:0000000000000000 $t
     /tmp/ccn0RHYf.s:186    .text.SysTick_Handler:0000000000000000 SysTick_Handler
     /tmp/ccn0RHYf.s:209    .text.TIM2_IRQHandler:0000000000000000 $t
     /tmp/ccn0RHYf.s:216    .text.TIM2_IRQHandler:0000000000000000 TIM2_IRQHandler
     /tmp/ccn0RHYf.s:228    .text.TIM3_IRQHandler:0000000000000000 $t
     /tmp/ccn0RHYf.s:235    .text.TIM3_IRQHandler:0000000000000000 TIM3_IRQHandler
     /tmp/ccn0RHYf.s:247    .text.TIM4_IRQHandler:0000000000000000 $t
     /tmp/ccn0RHYf.s:254    .text.TIM4_IRQHandler:0000000000000000 TIM4_IRQHandler
     /tmp/ccn0RHYf.s:266    .text.LPTIM1_IRQHandler:0000000000000000 $t
     /tmp/ccn0RHYf.s:273    .text.LPTIM1_IRQHandler:0000000000000000 LPTIM1_IRQHandler
                     .debug_frame:0000000000000010 $d

UNDEFINED SYMBOLS
HAL_IncTick
HAL_SYSTICK_IRQHandler
